{"contracts\\DbiliaToken.sol":{"l":{"45":3,"46":1,"47":1,"48":1,"49":1,"50":1,"51":1,"52":1,"61":3,"62":1,"63":1,"64":1,"65":1,"66":1,"67":1,"68":1,"79":2,"80":2},"path":"C:\\YorkU\\Other_Projects\\Dbilia-Smart-Contract-Assessment\\contracts\\DbiliaToken.sol","s":{"1":3,"2":1,"3":1,"4":1,"5":1,"6":1,"7":1,"8":1,"9":3,"10":1,"11":1,"12":1,"13":1,"14":1,"15":1,"16":1,"17":2,"18":2},"b":{"1":[1,2],"2":[1,2],"3":[1,0],"4":[2,0]},"f":{"1":3,"2":3,"3":3,"4":2},"fnMap":{"1":{"name":"constructor","line":9,"loc":{"start":{"line":8,"column":4},"end":{"line":10,"column":5}}},"2":{"name":"mintWithUSD","line":44,"loc":{"start":{"line":39,"column":4},"end":{"line":53,"column":4}}},"3":{"name":"mintWithETH","line":56,"loc":{"start":{"line":56,"column":4},"end":{"line":69,"column":4}}},"4":{"name":"_setTokenURI","line":78,"loc":{"start":{"line":78,"column":4},"end":{"line":81,"column":4}}}},"statementMap":{"1":{"start":{"line":45,"column":8},"end":{"line":45,"column":81}},"2":{"start":{"line":46,"column":8},"end":{"line":46,"column":36}},"3":{"start":{"line":47,"column":8},"end":{"line":47,"column":50}},"4":{"start":{"line":48,"column":8},"end":{"line":48,"column":52}},"5":{"start":{"line":49,"column":8},"end":{"line":49,"column":45}},"6":{"start":{"line":50,"column":8},"end":{"line":50,"column":45}},"7":{"start":{"line":51,"column":8},"end":{"line":51,"column":39}},"8":{"start":{"line":52,"column":8},"end":{"line":52,"column":72}},"9":{"start":{"line":61,"column":8},"end":{"line":61,"column":81}},"10":{"start":{"line":62,"column":8},"end":{"line":62,"column":66}},"11":{"start":{"line":63,"column":8},"end":{"line":63,"column":36}},"12":{"start":{"line":64,"column":8},"end":{"line":64,"column":50}},"13":{"start":{"line":65,"column":8},"end":{"line":65,"column":52}},"14":{"start":{"line":66,"column":8},"end":{"line":66,"column":48}},"15":{"start":{"line":67,"column":8},"end":{"line":67,"column":39}},"16":{"start":{"line":68,"column":8},"end":{"line":68,"column":75}},"17":{"start":{"line":79,"column":8},"end":{"line":79,"column":82}},"18":{"start":{"line":80,"column":8},"end":{"line":80,"column":38}}},"branchMap":{"1":{"line":45,"type":"if","locations":[{"start":{"line":45,"column":8},"end":{"line":45,"column":8}},{"start":{"line":45,"column":8},"end":{"line":45,"column":8}}]},"2":{"line":61,"type":"if","locations":[{"start":{"line":61,"column":8},"end":{"line":61,"column":8}},{"start":{"line":61,"column":8},"end":{"line":61,"column":8}}]},"3":{"line":62,"type":"if","locations":[{"start":{"line":62,"column":8},"end":{"line":62,"column":8}},{"start":{"line":62,"column":8},"end":{"line":62,"column":8}}]},"4":{"line":79,"type":"if","locations":[{"start":{"line":79,"column":8},"end":{"line":79,"column":8}},{"start":{"line":79,"column":8},"end":{"line":79,"column":8}}]}}}}